<?xml version="1.0" encoding="UTF-8"?>
<!-- Generated by org.testng.reporters.JUnitReportReporter -->
<testsuite skipped="0" hostname="LAPTOP-BQFGCDI1" name="com.crm.comcast.orgTest.OrgTest" tests="1" failures="0" timestamp="02 Feb 2022 02:09:22 GMT" time="17.638" errors="0">
  <testcase name="CreateOrgTest" time="17.638" classname="com.crm.comcast.orgTest.OrgTest"/>
</testsuite> <!-- com.crm.comcast.orgTest.OrgTest -->
