<?xml version="1.0" encoding="UTF-8"?>
<!-- Generated by org.testng.reporters.JUnitReportReporter -->
<testsuite skipped="0" hostname="LAPTOP-BQFGCDI1" name="com.crm.comcast.contactTest.ContactTest" tests="1" failures="0" timestamp="02 Feb 2022 02:09:22 GMT" time="16.015" errors="0">
  <testcase name="createContact" time="16.015" classname="com.crm.comcast.contactTest.ContactTest"/>
</testsuite> <!-- com.crm.comcast.contactTest.ContactTest -->
